{"numTotalTestSuites":16,"numPassedTestSuites":16,"numFailedTestSuites":0,"numPendingTestSuites":0,"numTotalTests":67,"numPassedTests":67,"numFailedTests":0,"numPendingTests":0,"numTodoTests":0,"snapshot":{"added":0,"failure":false,"filesAdded":0,"filesRemoved":0,"filesRemovedList":[],"filesUnmatched":0,"filesUpdated":0,"matched":0,"total":0,"unchecked":0,"uncheckedKeysByFile":[],"unmatched":0,"updated":0,"didUpdate":false},"startTime":1775271462900,"success":true,"testResults":[{"assertionResults":[{"ancestorTitles":["Reconciliation Pack Module Structure"],"fullName":"Reconciliation Pack Module Structure reconciliation-pack.ts exports runReconciliationPack","status":"passed","title":"reconciliation-pack.ts exports runReconciliationPack","duration":1.1233790000001136,"failureMessages":[],"meta":{}},{"ancestorTitles":["Reconciliation Pack Module Structure"],"fullName":"Reconciliation Pack Module Structure reconciliation-pack.ts exports formatReportText","status":"passed","title":"reconciliation-pack.ts exports formatReportText","duration":0.40728200000012293,"failureMessages":[],"meta":{}},{"ancestorTitles":["Reconciliation Pack Module Structure"],"fullName":"Reconciliation Pack Module Structure exports ReconciliationPackReport type","status":"passed","title":"exports ReconciliationPackReport type","duration":0.2288899999998648,"failureMessages":[],"meta":{}},{"ancestorTitles":["Reconciliation Pack Module Structure"],"fullName":"Reconciliation Pack Module Structure exports Severity and CheckStatus types","status":"passed","title":"exports Severity and CheckStatus types","duration":0.46525300000030256,"failureMessages":[],"meta":{}},{"ancestorTitles":["Reconciliation Pack Domain Coverage"],"fullName":"Reconciliation Pack Domain Coverage covers domain: projects","status":"passed","title":"covers domain: projects","duration":0.3265379999998004,"failureMessages":[],"meta":{}},{"ancestorTitles":["Reconciliation Pack Domain Coverage"],"fullName":"Reconciliation Pack Domain Coverage covers domain: clients","status":"passed","title":"covers domain: clients","duration":0.18639200000006895,"failureMessages":[],"meta":{}},{"ancestorTitles":["Reconciliation Pack Domain Coverage"],"fullName":"Reconciliation Pack Domain Coverage covers domain: users","status":"passed","title":"covers domain: users","duration":0.7085419999998521,"failureMessages":[],"meta":{}},{"ancestorTitles":["Reconciliation Pack Domain Coverage"],"fullName":"Reconciliation Pack Domain Coverage covers domain: finance","status":"passed","title":"covers domain: finance","duration":0.2868799999996554,"failureMessages":[],"meta":{}},{"ancestorTitles":["Reconciliation Pack Domain Coverage"],"fullName":"Reconciliation Pack Domain Coverage covers domain: work_items","status":"passed","title":"covers domain: work_items","duration":0.39428200000020297,"failureMessages":[],"meta":{}},{"ancestorTitles":["Reconciliation Pack Domain Coverage"],"fullName":"Reconciliation Pack Domain Coverage covers domain: bridge","status":"passed","title":"covers domain: bridge","duration":0.1886370000001989,"failureMessages":[],"meta":{}},{"ancestorTitles":["Reconciliation Pack Check Categories"],"fullName":"Reconciliation Pack Check Categories includes category: row_parity","status":"passed","title":"includes category: row_parity","duration":0.26657399999976406,"failureMessages":[],"meta":{}},{"ancestorTitles":["Reconciliation Pack Check Categories"],"fullName":"Reconciliation Pack Check Categories includes category: field_drift","status":"passed","title":"includes category: field_drift","duration":0.09289599999965503,"failureMessages":[],"meta":{}},{"ancestorTitles":["Reconciliation Pack Check Categories"],"fullName":"Reconciliation Pack Check Categories includes category: fk_integrity","status":"passed","title":"includes category: fk_integrity","duration":0.3722989999996571,"failureMessages":[],"meta":{}},{"ancestorTitles":["Reconciliation Pack Check Categories"],"fullName":"Reconciliation Pack Check Categories includes category: finance_amounts","status":"passed","title":"includes category: finance_amounts","duration":0.4271990000002006,"failureMessages":[],"meta":{}},{"ancestorTitles":["Reconciliation Pack Check Categories"],"fullName":"Reconciliation Pack Check Categories includes category: bridge_health","status":"passed","title":"includes category: bridge_health","duration":0.361337000000276,"failureMessages":[],"meta":{}},{"ancestorTitles":["Hard Fail Checks"],"fullName":"Hard Fail Checks projects_row_parity is HARD_FAIL","status":"passed","title":"projects_row_parity is HARD_FAIL","duration":0.6493479999999181,"failureMessages":[],"meta":{}},{"ancestorTitles":["Hard Fail Checks"],"fullName":"Hard Fail Checks cost_lines_row_parity is HARD_FAIL","status":"passed","title":"cost_lines_row_parity is HARD_FAIL","duration":0.446273999999903,"failureMessages":[],"meta":{}},{"ancestorTitles":["Hard Fail Checks"],"fullName":"Hard Fail Checks revenue_lines_row_parity is HARD_FAIL","status":"passed","title":"revenue_lines_row_parity is HARD_FAIL","duration":0.3639319999997497,"failureMessages":[],"meta":{}},{"ancestorTitles":["Hard Fail Checks"],"fullName":"Hard Fail Checks bridge_failures_unresolved is HARD_FAIL","status":"passed","title":"bridge_failures_unresolved is HARD_FAIL","duration":0.3951759999999922,"failureMessages":[],"meta":{}},{"ancestorTitles":["Hard Fail Checks"],"fullName":"Hard Fail Checks cost_lines_broken_legacy_fk is HARD_FAIL","status":"passed","title":"cost_lines_broken_legacy_fk is HARD_FAIL","duration":0.3956519999996999,"failureMessages":[],"meta":{}},{"ancestorTitles":["Hard Fail Checks"],"fullName":"Hard Fail Checks change_requests_row_parity is HARD_FAIL","status":"passed","title":"change_requests_row_parity is HARD_FAIL","duration":0.40374500000007174,"failureMessages":[],"meta":{}},{"ancestorTitles":["Hard Fail Checks"],"fullName":"Hard Fail Checks opening_balance_cost_count is HARD_FAIL","status":"passed","title":"opening_balance_cost_count is HARD_FAIL","duration":0.39011699999991833,"failureMessages":[],"meta":{}},{"ancestorTitles":["Hard Fail Checks"],"fullName":"Hard Fail Checks opening_balance_cost_amount is HARD_FAIL","status":"passed","title":"opening_balance_cost_amount is HARD_FAIL","duration":0.3697770000003402,"failureMessages":[],"meta":{}},{"ancestorTitles":["Hard Fail Checks"],"fullName":"Hard Fail Checks unresolved_projects is HARD_FAIL","status":"passed","title":"unresolved_projects is HARD_FAIL","duration":0.38774199999988923,"failureMessages":[],"meta":{}},{"ancestorTitles":["Hard Fail Checks"],"fullName":"Hard Fail Checks unresolved_cost_lines is HARD_FAIL","status":"passed","title":"unresolved_cost_lines is HARD_FAIL","duration":1.0806859999997869,"failureMessages":[],"meta":{}},{"ancestorTitles":["Warning Checks"],"fullName":"Warning Checks field drift checks are WARNING severity","status":"passed","title":"field drift checks are WARNING severity","duration":0.45183899999983623,"failureMessages":[],"meta":{}},{"ancestorTitles":["Warning Checks"],"fullName":"Warning Checks null FK checks are WARNING severity","status":"passed","title":"null FK checks are WARNING severity","duration":0.3928160000000389,"failureMessages":[],"meta":{}},{"ancestorTitles":["Finance Amount Comparisons"],"fullName":"Finance Amount Comparisons compares cost line SUM amounts","status":"passed","title":"compares cost line SUM amounts","duration":0.45841599999994287,"failureMessages":[],"meta":{}},{"ancestorTitles":["Finance Amount Comparisons"],"fullName":"Finance Amount Comparisons compares revenue line SUM amounts","status":"passed","title":"compares revenue line SUM amounts","duration":0.5353839999997945,"failureMessages":[],"meta":{}},{"ancestorTitles":["Finance Amount Comparisons"],"fullName":"Finance Amount Comparisons finance amount checks use finance_amounts category","status":"passed","title":"finance amount checks use finance_amounts category","duration":0.4588469999998779,"failureMessages":[],"meta":{}},{"ancestorTitles":["FK Integrity Checks"],"fullName":"FK Integrity Checks checks for broken legacy FK references in cost lines","status":"passed","title":"checks for broken legacy FK references in cost lines","duration":0.7441649999996116,"failureMessages":[],"meta":{}},{"ancestorTitles":["FK Integrity Checks"],"fullName":"FK Integrity Checks checks for broken legacy FK references in revenue lines","status":"passed","title":"checks for broken legacy FK references in revenue lines","duration":0.43563099999983024,"failureMessages":[],"meta":{}},{"ancestorTitles":["FK Integrity Checks"],"fullName":"FK Integrity Checks checks for null client FK in promoted projects","status":"passed","title":"checks for null client FK in promoted projects","duration":0.42055900000013935,"failureMessages":[],"meta":{}},{"ancestorTitles":["FK Integrity Checks"],"fullName":"FK Integrity Checks checks for orphaned work item legacy references","status":"passed","title":"checks for orphaned work item legacy references","duration":0.4056000000000495,"failureMessages":[],"meta":{}},{"ancestorTitles":["Opening Balance Checks"],"fullName":"Opening Balance Checks checks opening-balance cost line count parity","status":"passed","title":"checks opening-balance cost line count parity","duration":0.4748600000002625,"failureMessages":[],"meta":{}},{"ancestorTitles":["Opening Balance Checks"],"fullName":"Opening Balance Checks checks opening-balance revenue line count parity","status":"passed","title":"checks opening-balance revenue line count parity","duration":0.3807219999998779,"failureMessages":[],"meta":{}},{"ancestorTitles":["Opening Balance Checks"],"fullName":"Opening Balance Checks checks opening-balance cost amount parity","status":"passed","title":"checks opening-balance cost amount parity","duration":1.8976649999999609,"failureMessages":[],"meta":{}},{"ancestorTitles":["Opening Balance Checks"],"fullName":"Opening Balance Checks checks opening-balance revenue amount parity","status":"passed","title":"checks opening-balance revenue amount parity","duration":0.2264839999998003,"failureMessages":[],"meta":{}},{"ancestorTitles":["Opening Balance Checks"],"fullName":"Opening Balance Checks verifies opening-balance rows preserved in finance_records","status":"passed","title":"verifies opening-balance rows preserved in finance_records","duration":0.16015899999956673,"failureMessages":[],"meta":{}},{"ancestorTitles":["Unresolved Row Checks"],"fullName":"Unresolved Row Checks detects lost projects (missing from promoted + no sync failure)","status":"passed","title":"detects lost projects (missing from promoted + no sync failure)","duration":0.16476300000022093,"failureMessages":[],"meta":{}},{"ancestorTitles":["Unresolved Row Checks"],"fullName":"Unresolved Row Checks detects lost cost lines","status":"passed","title":"detects lost cost lines","duration":0.16389900000012858,"failureMessages":[],"meta":{}},{"ancestorTitles":["Unresolved Row Checks"],"fullName":"Unresolved Row Checks detects lost revenue lines","status":"passed","title":"detects lost revenue lines","duration":0.09627399999999398,"failureMessages":[],"meta":{}},{"ancestorTitles":["Unresolved Row Checks"],"fullName":"Unresolved Row Checks detects lost users","status":"passed","title":"detects lost users","duration":0.13682500000004438,"failureMessages":[],"meta":{}},{"ancestorTitles":["Unresolved Row Checks"],"fullName":"Unresolved Row Checks uses unresolved category","status":"passed","title":"uses unresolved category","duration":0.14317299999993338,"failureMessages":[],"meta":{}},{"ancestorTitles":["Per-Project Amount Drift"],"fullName":"Per-Project Amount Drift checks per-project cost amount SUM drift","status":"passed","title":"checks per-project cost amount SUM drift","duration":0.13244799999984025,"failureMessages":[],"meta":{}},{"ancestorTitles":["Per-Project Amount Drift"],"fullName":"Per-Project Amount Drift checks per-project revenue amount SUM drift","status":"passed","title":"checks per-project revenue amount SUM drift","duration":0.1410409999998592,"failureMessages":[],"meta":{}},{"ancestorTitles":["Per-Project Amount Drift"],"fullName":"Per-Project Amount Drift uses 0.01 tolerance for amount comparisons","status":"passed","title":"uses 0.01 tolerance for amount comparisons","duration":0.15474700000004304,"failureMessages":[],"meta":{}},{"ancestorTitles":["Project-Level Breakdowns"],"fullName":"Project-Level Breakdowns checks per-project cost line count drift","status":"passed","title":"checks per-project cost line count drift","duration":0.14234200000009878,"failureMessages":[],"meta":{}},{"ancestorTitles":["Project-Level Breakdowns"],"fullName":"Project-Level Breakdowns checks per-project revenue line count drift","status":"passed","title":"checks per-project revenue line count drift","duration":0.08421399999997448,"failureMessages":[],"meta":{}},{"ancestorTitles":["Report Structure"],"fullName":"Report Structure report includes version field","status":"passed","title":"report includes version field","duration":0.12340799999992669,"failureMessages":[],"meta":{}},{"ancestorTitles":["Report Structure"],"fullName":"Report Structure report includes environment field","status":"passed","title":"report includes environment field","duration":0.16243900000017675,"failureMessages":[],"meta":{}},{"ancestorTitles":["Report Structure"],"fullName":"Report Structure report includes domainSummaries","status":"passed","title":"report includes domainSummaries","duration":0.1465370000000803,"failureMessages":[],"meta":{}},{"ancestorTitles":["Report Structure"],"fullName":"Report Structure report includes hardFailCount and warningCount","status":"passed","title":"report includes hardFailCount and warningCount","duration":0.20517299999983152,"failureMessages":[],"meta":{}},{"ancestorTitles":["Report Structure"],"fullName":"Report Structure overall is FAIL when any HARD_FAIL check fails","status":"passed","title":"overall is FAIL when any HARD_FAIL check fails","duration":0.0963489999999183,"failureMessages":[],"meta":{}},{"ancestorTitles":["Reconciliation Pack CLI Runner"],"fullName":"Reconciliation Pack CLI Runner scripts/reconciliation-pack.ts exists","status":"passed","title":"scripts/reconciliation-pack.ts exists","duration":0.13045299999976123,"failureMessages":[],"meta":{}},{"ancestorTitles":["Reconciliation Pack CLI Runner"],"fullName":"Reconciliation Pack CLI Runner CLI supports --json flag","status":"passed","title":"CLI supports --json flag","duration":0.05373099999997066,"failureMessages":[],"meta":{}},{"ancestorTitles":["Reconciliation Pack CLI Runner"],"fullName":"Reconciliation Pack CLI Runner CLI supports --text flag","status":"passed","title":"CLI supports --text flag","duration":0.08815700000013749,"failureMessages":[],"meta":{}},{"ancestorTitles":["Reconciliation Pack CLI Runner"],"fullName":"Reconciliation Pack CLI Runner CLI supports --out flag for file output","status":"passed","title":"CLI supports --out flag for file output","duration":0.05365699999993012,"failureMessages":[],"meta":{}},{"ancestorTitles":["Reconciliation Pack CLI Runner"],"fullName":"Reconciliation Pack CLI Runner CLI exits with code 1 on FAIL","status":"passed","title":"CLI exits with code 1 on FAIL","duration":0.07462299999997413,"failureMessages":[],"meta":{}},{"ancestorTitles":["Reconciliation Pack CLI Runner"],"fullName":"Reconciliation Pack CLI Runner CLI imports from reconciliation-pack service","status":"passed","title":"CLI imports from reconciliation-pack service","duration":0.07593399999996109,"failureMessages":[],"meta":{}},{"ancestorTitles":["Human-Readable Report Formatter"],"fullName":"Human-Readable Report Formatter formatReportText outputs domain summaries section","status":"passed","title":"formatReportText outputs domain summaries section","duration":0.12268700000004173,"failureMessages":[],"meta":{}},{"ancestorTitles":["Human-Readable Report Formatter"],"fullName":"Human-Readable Report Formatter formatReportText outputs detailed checks section","status":"passed","title":"formatReportText outputs detailed checks section","duration":0.13759100000015678,"failureMessages":[],"meta":{}},{"ancestorTitles":["Human-Readable Report Formatter"],"fullName":"Human-Readable Report Formatter formatReportText outputs hard failures section","status":"passed","title":"formatReportText outputs hard failures section","duration":0.16218000000026223,"failureMessages":[],"meta":{}},{"ancestorTitles":["Reconciliation Pack Documentation"],"fullName":"Reconciliation Pack Documentation docs/reconciliation-pack.md exists","status":"passed","title":"docs/reconciliation-pack.md exists","duration":0.06771800000024086,"failureMessages":[],"meta":{}},{"ancestorTitles":["Reconciliation Pack Documentation"],"fullName":"Reconciliation Pack Documentation documentation describes domains covered","status":"passed","title":"documentation describes domains covered","duration":0.3302770000000237,"failureMessages":[],"meta":{}},{"ancestorTitles":["Reconciliation Pack Documentation"],"fullName":"Reconciliation Pack Documentation documentation describes HARD_FAIL vs WARNING","status":"passed","title":"documentation describes HARD_FAIL vs WARNING","duration":0.09511599999996179,"failureMessages":[],"meta":{}},{"ancestorTitles":["Reconciliation Pack Documentation"],"fullName":"Reconciliation Pack Documentation documentation includes usage instructions","status":"passed","title":"documentation includes usage instructions","duration":0.08211600000004182,"failureMessages":[],"meta":{}}],"startTime":1775271466824,"endTime":1775271466848.0952,"status":"passed","message":"","name":"/home/user/Emergent-Energy-Web-App/qa/tests/unit/reconciliation-pack-validation.test.ts"}]}