{"numTotalTestSuites":6,"numPassedTestSuites":6,"numFailedTestSuites":0,"numPendingTestSuites":0,"numTotalTests":13,"numPassedTests":13,"numFailedTests":0,"numPendingTests":0,"numTodoTests":0,"snapshot":{"added":0,"failure":false,"filesAdded":0,"filesRemoved":0,"filesRemovedList":[],"filesUnmatched":0,"filesUpdated":0,"matched":0,"total":0,"unchecked":0,"uncheckedKeysByFile":[],"unmatched":0,"updated":0,"didUpdate":false},"startTime":1776503713401,"success":true,"testResults":[{"assertionResults":[{"ancestorTitles":["mergeQbValues — unlinked rows"],"fullName":"mergeQbValues — unlinked rows passes proposed values through unchanged when there is no link","status":"passed","title":"passes proposed values through unchanged when there is no link","duration":2.1955600000000004,"failureMessages":[],"meta":{}},{"ancestorTitles":["mergeQbValues — linked rows lock to QB values"],"fullName":"mergeQbValues — linked rows lock to QB values overrides workbook amount when it differs from QB by more than R0.01","status":"passed","title":"overrides workbook amount when it differs from QB by more than R0.01","duration":0.881059999999934,"failureMessages":[],"meta":{}},{"ancestorTitles":["mergeQbValues — linked rows lock to QB values"],"fullName":"mergeQbValues — linked rows lock to QB values locks invoice number even on a one-character typo (INV6572 vs INV-6572)","status":"passed","title":"locks invoice number even on a one-character typo (INV6572 vs INV-6572)","duration":0.3413699999999835,"failureMessages":[],"meta":{}},{"ancestorTitles":["mergeQbValues — linked rows lock to QB values"],"fullName":"mergeQbValues — linked rows lock to QB values does not log a variance when workbook and QB agree","status":"passed","title":"does not log a variance when workbook and QB agree","duration":0.14854000000002543,"failureMessages":[],"meta":{}},{"ancestorTitles":["mergeQbValues — linked rows lock to QB values"],"fullName":"mergeQbValues — linked rows lock to QB values leaves paidDate/inBankDate alone when QB has no opinion (doc has no payment events yet)","status":"passed","title":"leaves paidDate/inBankDate alone when QB has no opinion (doc has no payment events yet)","duration":0.34148899999991045,"failureMessages":[],"meta":{}},{"ancestorTitles":["mergeQbValues — auto-realisation from QB payment"],"fullName":"mergeQbValues — auto-realisation from QB payment auto-realises a cost line when QB doc has zero balance","status":"passed","title":"auto-realises a cost line when QB doc has zero balance","duration":0.24563000000000557,"failureMessages":[],"meta":{}},{"ancestorTitles":["mergeQbValues — auto-realisation from QB payment"],"fullName":"mergeQbValues — auto-realisation from QB payment auto-realises on status='Paid' even when balance is missing","status":"passed","title":"auto-realises on status='Paid' even when balance is missing","duration":0.1282899999999927,"failureMessages":[],"meta":{}},{"ancestorTitles":["mergeQbValues — auto-realisation from QB payment"],"fullName":"mergeQbValues — auto-realisation from QB payment does NOT auto-realise revenue lines (only cost lines)","status":"passed","title":"does NOT auto-realise revenue lines (only cost lines)","duration":0.30430999999998676,"failureMessages":[],"meta":{}},{"ancestorTitles":["mergeQbValues — auto-realisation from QB payment"],"fullName":"mergeQbValues — auto-realisation from QB payment does NOT auto-realise when QB still shows a balance owing","status":"passed","title":"does NOT auto-realise when QB still shows a balance owing","duration":0.3051299999999628,"failureMessages":[],"meta":{}},{"ancestorTitles":["mergeQbValues — auto-realisation from QB payment"],"fullName":"mergeQbValues — auto-realisation from QB payment does not double-log when workbook already says cosRealised=true and QB agrees","status":"passed","title":"does not double-log when workbook already says cosRealised=true and QB agrees","duration":0.25765000000001237,"failureMessages":[],"meta":{}},{"ancestorTitles":["mergeQbValues — admin overrides survive QB lock"],"fullName":"mergeQbValues — admin overrides survive QB lock preserves adminDateOverride on a QB-locked row (override is a third layer)","status":"passed","title":"preserves adminDateOverride on a QB-locked row (override is a third layer)","duration":0.226729999999975,"failureMessages":[],"meta":{}},{"ancestorTitles":["mergeQbValues — number tolerance"],"fullName":"mergeQbValues — number tolerance treats 82141.001 and 82141.00 as equal (sub-cent tolerance)","status":"passed","title":"treats 82141.001 and 82141.00 as equal (sub-cent tolerance)","duration":0.17918999999994867,"failureMessages":[],"meta":{}},{"ancestorTitles":["mergeQbValues — number tolerance"],"fullName":"mergeQbValues — number tolerance treats 82141.50 and 82141.00 as different (R0.50 variance is real)","status":"passed","title":"treats 82141.50 and 82141.00 as different (R0.50 variance is real)","duration":0.15989000000001852,"failureMessages":[],"meta":{}}],"startTime":1776503713978,"endTime":1776503713986.16,"status":"passed","message":"","name":"/home/runner/workspace/qa/tests/unit/qb-precedence.test.ts"}]}